[2017-05-21 10:11:14] START
[2017-05-21 10:17:28] EDIT comparedb/controllers/default.py: 0
[2017-05-21 10:18:12] EDIT comparedb/controllers/default.py: 0
[2017-05-21 10:36:50] EDIT comparedb/controllers/default.py: 7
[2017-05-21 11:03:20] EDIT comparedb/controllers/default.py: 3
[2017-05-21 11:05:11] EDIT comparedb/controllers/default.py: 1
[2017-05-21 11:07:48] EDIT comparedb/controllers/default.py: 1
[2017-05-21 11:11:07] EDIT comparedb/controllers/default.py: 6
[2017-05-21 11:11:56] EDIT comparedb/controllers/default.py: 0
[2017-05-21 11:12:36] EDIT comparedb/controllers/default.py: 0
[2017-05-21 11:13:17] EDIT comparedb/controllers/default.py: 0
[2017-05-21 11:22:55] EDIT comparedb/controllers/default.py: 18
[2017-05-21 11:23:21] EDIT comparedb/controllers/default.py: 0
[2017-05-21 11:24:32] EDIT comparedb/controllers/default.py: 1
[2017-05-21 11:25:57] EDIT comparedb/controllers/default.py: -2
[2017-05-21 11:28:34] EDIT comparedb/controllers/default.py: 2
[2017-05-21 11:35:29] EDIT comparedb/controllers/default.py: -1
[2017-05-21 11:37:14] EDIT comparedb/controllers/default.py: 0
[2017-05-21 11:38:02] EDIT comparedb/controllers/default.py: 0
[2017-05-21 11:38:27] EDIT comparedb/controllers/default.py: 0
[2017-05-21 11:38:52] EDIT comparedb/controllers/default.py: 0
[2017-05-21 11:39:13] EDIT comparedb/controllers/default.py: 0
[2017-05-21 11:39:45] EDIT comparedb/controllers/default.py: 0
[2017-05-21 11:40:58] EDIT comparedb/controllers/default.py: 1
[2017-05-21 11:40:58] EDIT comparedb/controllers/default.py: 0
[2017-05-21 11:40:59] EDIT comparedb/controllers/default.py: 0
[2017-05-21 11:42:27] EDIT comparedb/controllers/default.py: 4
[2017-05-21 11:43:02] EDIT comparedb/controllers/default.py: -5
[2017-05-21 11:45:19] EDIT comparedb/controllers/default.py: 5
[2017-05-21 11:46:08] EDIT comparedb/controllers/default.py: 0
[2017-05-21 11:49:26] EDIT comparedb/controllers/default.py: 4
[2017-05-21 11:49:26] EDIT comparedb/controllers/default.py: 0
[2017-05-21 11:49:26] EDIT comparedb/controllers/default.py: 0
[2017-05-21 11:49:26] EDIT comparedb/controllers/default.py: 0
[2017-05-21 11:52:03] CREATE second.html: 0
[2017-05-21 11:52:25] EDIT comparedb/views/second.html: 0
[2017-05-21 11:53:27] EDIT comparedb/controllers/default.py: 2
[2017-05-21 11:53:45] EDIT comparedb/controllers/default.py: 0
[2017-05-21 11:53:51] EDIT comparedb/controllers/default.py: 0
[2017-05-21 11:54:32] EDIT comparedb/controllers/default.py: 0
[2017-05-21 11:55:12] EDIT comparedb/controllers/default.py: -2
[2017-05-21 11:55:46] EDIT comparedb/controllers/default.py: 2
[2017-05-21 11:56:00] EDIT comparedb/controllers/default.py: 0
[2017-05-21 11:56:01] EDIT comparedb/controllers/default.py: 0
[2017-05-21 11:56:01] EDIT comparedb/controllers/default.py: 0
[2017-05-21 11:56:01] EDIT comparedb/controllers/default.py: 0
[2017-05-21 11:56:02] EDIT comparedb/controllers/default.py: 0
[2017-05-21 11:56:27] EDIT comparedb/controllers/default.py: 0
[2017-05-21 11:56:47] EDIT comparedb/controllers/default.py: 0
[2017-05-21 11:57:24] EDIT comparedb/controllers/default.py: 0
[2017-05-21 11:57:38] EDIT comparedb/controllers/default.py: 0
[2017-05-21 11:59:30] EDIT comparedb/controllers/default.py: 0
[2017-05-21 12:00:17] EDIT comparedb/controllers/default.py: 1
[2017-05-21 12:00:53] EDIT comparedb/controllers/default.py: -1
[2017-05-21 12:01:23] EDIT comparedb/controllers/default.py: 1
[2017-05-21 12:02:02] CREATE enter.html: 0
[2017-05-21 12:02:17] EDIT comparedb/views/enter.html: 0
[2017-05-21 12:02:51] EDIT comparedb/views/enter.html: 0
[2017-05-21 12:03:42] EDIT comparedb/controllers/default.py: 0
[2017-05-21 12:03:43] EDIT comparedb/controllers/default.py: 0
[2017-05-21 12:03:43] EDIT comparedb/controllers/default.py: 0
[2017-05-21 12:03:43] EDIT comparedb/controllers/default.py: 0
[2017-05-21 12:03:43] EDIT comparedb/controllers/default.py: 0
[2017-05-21 12:04:13] EDIT comparedb/controllers/default.py: 0
[2017-05-21 12:05:36] EDIT comparedb/controllers/default.py: 0
[2017-05-21 12:06:07] EDIT comparedb/controllers/default.py: 0
[2017-05-21 12:07:05] EDIT comparedb/controllers/default.py: 0
[2017-05-21 12:07:12] EDIT comparedb/controllers/default.py: 1
[2017-05-21 12:08:23] EDIT comparedb/controllers/default.py: 0
[2017-05-21 12:08:44] EDIT comparedb/controllers/default.py: 0
[2017-05-21 12:08:51] EDIT comparedb/controllers/default.py: 0
[2017-05-21 12:10:57] EDIT comparedb/views/second.html: 0
[2017-05-21 12:12:44] EDIT comparedb/views/second.html: 0
[2017-05-21 12:13:07] EDIT comparedb/controllers/default.py: 0
[2017-05-21 12:13:07] EDIT comparedb/controllers/default.py: 0
[2017-05-21 12:13:07] EDIT comparedb/controllers/default.py: 0
[2017-05-21 12:13:07] EDIT comparedb/controllers/default.py: 0
[2017-05-21 12:13:08] EDIT comparedb/controllers/default.py: 0
[2017-05-21 12:14:39] EDIT comparedb/controllers/default.py: -1
[2017-05-21 12:17:46] EDIT comparedb/views/second.html: 1
[2017-05-21 12:20:36] EDIT comparedb/controllers/default.py: -1
[2017-05-21 12:20:37] EDIT comparedb/controllers/default.py: 0
[2017-05-21 12:20:37] EDIT comparedb/controllers/default.py: 0
[2017-05-21 12:22:40] EDIT comparedb/controllers/default.py: 1
[2017-05-21 12:24:33] CREATE default/enter.html: 0
[2017-05-21 12:25:20] DELETE comparedb/views/second.html: -4
[2017-05-21 12:25:44] CREATE default/second.html: 0
[2017-05-21 12:26:02] EDIT comparedb/views/default/enter.html: 0
[2017-05-21 12:26:33] EDIT comparedb/views/default/second.html: 0
[2017-05-21 12:29:25] EDIT comparedb/controllers/default.py: 1
[2017-05-21 12:41:19] EDIT comparedb/controllers/default.py: 15
[2017-05-21 12:43:51] CREATE processdblist.py: 0
[2017-05-21 12:44:01] EDIT comparedb/modules/processdblist.py: 16
[2017-05-21 12:46:36] EDIT comparedb/modules/processdblist.py: 0
[2017-05-21 12:48:12] DELETE comparedb/modules/processdblist.py: -17
[2017-05-21 15:36:03] CREATE DbDifference.py: 0
[2017-05-21 15:36:24] EDIT comparedb/modules/DbDifference.py: 128
[2017-05-21 15:36:25] EDIT comparedb/modules/DbDifference.py: 0
[2017-05-21 15:36:54] EDIT comparedb/controllers/default.py: -1
[2017-05-21 15:38:53] EDIT comparedb/controllers/default.py: 1
[2017-05-21 15:39:42] EDIT comparedb/controllers/default.py: 2
[2017-05-21 15:42:16] EDIT comparedb/controllers/default.py: 1
[2017-05-21 15:43:05] EDIT comparedb/modules/DbDifference.py: 0
[2017-05-21 15:43:05] EDIT comparedb/modules/DbDifference.py: 0
[2017-05-21 15:43:06] EDIT comparedb/modules/DbDifference.py: 0
[2017-05-21 15:43:06] EDIT comparedb/modules/DbDifference.py: 0
[2017-05-21 15:43:06] EDIT comparedb/modules/DbDifference.py: 0
[2017-05-21 15:43:06] EDIT comparedb/modules/DbDifference.py: 0
[2017-05-21 15:43:38] EDIT comparedb/modules/DbDifference.py: 1
[2017-05-21 15:49:53] EDIT comparedb/controllers/default.py: 0
[2017-05-21 16:14:52] DELETE comparedb/modules/DbDifference.py: -130
[2017-05-21 16:15:38] EDIT comparedb/controllers/default.py: 1
[2017-05-21 16:15:57] EDIT comparedb/controllers/default.py: 0
[2017-05-21 16:15:57] EDIT comparedb/controllers/default.py: 0
[2017-05-21 16:16:05] EDIT comparedb/controllers/default.py: 0
[2017-05-21 16:16:56] EDIT comparedb/controllers/default.py: 0
[2017-05-21 16:18:21] EDIT comparedb/controllers/default.py: -1
[2017-05-21 16:22:26] EDIT comparedb/controllers/default.py: 0
[2017-05-21 16:23:46] EDIT comparedb/controllers/default.py: 0
[2017-05-21 16:23:47] EDIT comparedb/controllers/default.py: 0
[2017-05-21 16:23:47] EDIT comparedb/controllers/default.py: 0
[2017-05-21 16:24:04] EDIT comparedb/controllers/default.py: 0
[2017-05-21 16:24:54] EDIT comparedb/controllers/default.py: 0
[2017-05-21 16:28:49] EDIT comparedb/controllers/default.py: 0
[2017-05-21 16:35:31] EDIT comparedb/modules/DbDifference.py: 0
[2017-05-21 16:40:28] EDIT comparedb/modules/DbDifference.py: -5
[2017-05-21 16:40:28] EDIT comparedb/modules/DbDifference.py: 0
[2017-05-21 16:40:28] EDIT comparedb/modules/DbDifference.py: 0
[2017-05-21 16:40:28] EDIT comparedb/modules/DbDifference.py: 0
[2017-05-21 16:40:28] EDIT comparedb/modules/DbDifference.py: 0
[2017-05-21 16:41:46] EDIT comparedb/modules/DbDifference.py: 0
[2017-05-21 16:41:46] EDIT comparedb/modules/DbDifference.py: 0
[2017-05-21 16:41:47] EDIT comparedb/modules/DbDifference.py: 0
[2017-05-21 16:46:01] EDIT comparedb/models/db.py: 0
[2017-05-21 16:47:14] CREATE new1.py: 0
[2017-05-21 16:48:02] EDIT comparedb/modules/new1.py: 3
[2017-05-21 16:49:13] EDIT comparedb/controllers/default.py: 0
[2017-05-21 16:49:44] EDIT comparedb/controllers/default.py: 1
[2017-05-21 16:51:13] EDIT comparedb/controllers/default.py: 0
[2017-05-21 16:51:57] EDIT comparedb/controllers/default.py: 0
[2017-05-21 16:51:57] EDIT comparedb/controllers/default.py: 0
[2017-05-21 16:51:58] EDIT comparedb/controllers/default.py: 0
[2017-05-21 16:52:52] EDIT comparedb/modules/new1.py: 1
[2017-05-21 16:53:16] EDIT comparedb/controllers/default.py: 1
[2017-05-21 16:53:53] EDIT comparedb/controllers/default.py: 0
[2017-05-21 16:54:33] EDIT comparedb/controllers/default.py: 0
[2017-05-21 16:55:43] EDIT comparedb/modules/new1.py: 1
[2017-05-21 16:55:43] EDIT comparedb/modules/new1.py: 0
[2017-05-21 16:55:59] EDIT comparedb/modules/new1.py: 1
[2017-05-21 16:56:00] EDIT comparedb/modules/new1.py: 0
[2017-05-21 16:56:00] EDIT comparedb/modules/new1.py: 0
[2017-05-21 16:56:18] EDIT comparedb/controllers/default.py: 0
[2017-05-21 16:57:52] EDIT comparedb/modules/DbDifference.py: 2
[2017-05-21 16:58:19] EDIT comparedb/controllers/default.py: 0
[2017-05-21 17:00:48] EDIT comparedb/modules/DbDifference.py: 4
[2017-05-21 17:01:29] EDIT comparedb/controllers/default.py: -1
[2017-05-21 17:01:42] EDIT comparedb/modules/new1.py: -1
[2017-05-21 17:03:33] EDIT comparedb/modules/DbDifference.py: -1
[2017-05-21 17:03:33] EDIT comparedb/modules/DbDifference.py: 0
[2017-05-21 17:03:33] EDIT comparedb/modules/DbDifference.py: 0
[2017-05-21 17:04:48] EDIT comparedb/modules/DbDifference.py: -6
[2017-05-21 17:05:18] EDIT comparedb/controllers/default.py: -1
[2017-05-21 17:05:19] EDIT comparedb/controllers/default.py: 0
[2017-05-21 17:05:19] EDIT comparedb/controllers/default.py: 0
[2017-05-21 17:27:11] EDIT comparedb/controllers/default.py: 0
[2017-05-21 19:33:31] DELETE comparedb/modules/new1.py: -6
[2017-05-21 19:44:43] EDIT comparedb/views/default/second.html: 5
[2017-05-21 19:47:10] EDIT comparedb/views/default/second.html: 0
[2017-05-21 20:16:01] EDIT comparedb/views/default/second.html: 0
[2017-05-21 20:18:10] EDIT comparedb/controllers/default.py: 8
[2017-05-21 20:20:02] EDIT comparedb/controllers/default.py: 0
[2017-05-21 20:38:42] EDIT comparedb/views/default/second.html: 3
[2017-05-21 20:40:50] EDIT comparedb/views/default/second.html: 1
[2017-05-21 20:44:43] EDIT comparedb/views/default/second.html: 3
[2017-05-21 20:49:46] EDIT comparedb/views/default/second.html: 3
[2017-05-22 00:05:16] EDIT comparedb/views/default/second.html: 9
[2017-05-22 00:05:41] EDIT comparedb/views/default/second.html: 0
[2017-05-22 00:18:22] EDIT comparedb/views/default/second.html: 5
[2017-05-22 00:18:22] EDIT comparedb/views/default/second.html: 0
[2017-05-22 00:18:23] EDIT comparedb/views/default/second.html: 0
[2017-05-22 00:19:03] EDIT comparedb/views/default/second.html: 0
[2017-05-22 00:20:03] EDIT comparedb/views/default/second.html: -1
[2017-05-22 00:20:03] EDIT comparedb/views/default/second.html: 0
[2017-05-22 00:20:03] EDIT comparedb/views/default/second.html: 0
[2017-05-22 00:20:03] EDIT comparedb/views/default/second.html: 0
[2017-05-22 00:21:12] EDIT comparedb/controllers/default.py: -4
[2017-05-22 00:21:47] EDIT comparedb/controllers/default.py: 1
[2017-05-22 00:22:58] EDIT comparedb/views/default/second.html: 1
[2017-05-22 00:23:48] EDIT comparedb/views/default/second.html: -1
[2017-05-22 00:23:48] EDIT comparedb/views/default/second.html: 0
[2017-05-22 00:23:48] EDIT comparedb/views/default/second.html: 0
[2017-05-22 00:24:31] EDIT comparedb/views/default/second.html: 0
[2017-05-22 00:25:17] EDIT comparedb/views/default/second.html: 0
[2017-05-22 00:25:43] EDIT comparedb/views/default/second.html: 1
[2017-05-22 00:25:43] EDIT comparedb/views/default/second.html: 0
[2017-05-22 00:25:43] EDIT comparedb/views/default/second.html: 0
[2017-05-22 00:25:43] EDIT comparedb/views/default/second.html: 0
[2017-05-22 00:25:43] EDIT comparedb/views/default/second.html: 0
[2017-05-22 00:25:43] EDIT comparedb/views/default/second.html: 0
[2017-05-22 00:26:33] EDIT comparedb/views/default/second.html: 0
[2017-05-22 00:26:33] EDIT comparedb/views/default/second.html: 0
[2017-05-22 00:26:33] EDIT comparedb/views/default/second.html: 0
[2017-05-22 00:27:32] EDIT comparedb/views/default/second.html: 0
[2017-05-22 00:27:32] EDIT comparedb/views/default/second.html: 0
[2017-05-22 00:27:33] EDIT comparedb/views/default/second.html: 0
[2017-05-22 00:30:22] EDIT comparedb/views/default/second.html: 0
[2017-05-22 00:30:23] EDIT comparedb/views/default/second.html: 0
[2017-05-22 00:30:23] EDIT comparedb/views/default/second.html: 0
[2017-05-22 00:30:23] EDIT comparedb/views/default/second.html: 0
[2017-05-22 00:30:23] EDIT comparedb/views/default/second.html: 0
[2017-05-22 00:30:23] EDIT comparedb/views/default/second.html: 0
[2017-05-22 00:30:24] EDIT comparedb/views/default/second.html: 0
[2017-05-22 00:30:24] EDIT comparedb/views/default/second.html: 0
[2017-05-22 00:30:24] EDIT comparedb/views/default/second.html: 0
[2017-05-22 00:30:24] EDIT comparedb/views/default/second.html: 0
[2017-05-22 00:32:06] EDIT comparedb/views/default/second.html: -17
[2017-05-22 00:33:31] EDIT comparedb/views/default/second.html: 0
[2017-05-22 00:34:40] EDIT comparedb/views/default/second.html: 12
[2017-05-22 00:34:40] EDIT comparedb/views/default/second.html: 0
[2017-05-22 00:34:40] EDIT comparedb/views/default/second.html: 0
[2017-05-22 00:35:38] EDIT comparedb/views/default/second.html: -3
[2017-05-22 00:36:34] EDIT comparedb/views/default/second.html: -2
[2017-05-22 00:37:33] EDIT comparedb/views/default/second.html: 3
[2017-05-22 00:38:01] EDIT comparedb/views/default/second.html: 1
[2017-05-22 00:38:49] EDIT comparedb/views/default/second.html: -4
[2017-05-22 00:41:33] EDIT comparedb/views/default/second.html: 2
[2017-05-22 00:41:40] EDIT comparedb/views/default/second.html: 1
[2017-05-22 00:42:17] EDIT comparedb/views/default/second.html: 0
[2017-05-22 00:43:18] EDIT comparedb/views/default/second.html: 0
[2017-05-22 01:02:07] EDIT comparedb/views/default/second.html: 1
[2017-05-22 01:03:15] EDIT comparedb/views/default/second.html: 0
[2017-05-22 01:04:18] EDIT comparedb/views/default/second.html: 0
[2017-05-22 01:04:18] EDIT comparedb/views/default/second.html: 0
[2017-05-22 08:50:29] EDIT comparedb/views/default/second.html: 10
[2017-05-22 08:51:04] EDIT comparedb/views/default/second.html: 0
[2017-05-22 08:51:04] EDIT comparedb/views/default/second.html: 0
[2017-05-22 08:51:04] EDIT comparedb/views/default/second.html: 0
[2017-05-22 08:53:49] EDIT comparedb/views/default/second.html: 5
[2017-05-22 08:54:15] EDIT comparedb/views/default/second.html: 0
[2017-05-22 08:55:04] EDIT comparedb/views/default/second.html: 0
[2017-05-22 09:01:43] EDIT comparedb/views/default/second.html: 6
[2017-05-22 09:04:32] EDIT comparedb/views/default/second.html: 12
[2017-05-22 09:04:32] EDIT comparedb/views/default/second.html: 0
[2017-05-22 09:04:33] EDIT comparedb/views/default/second.html: 0
[2017-05-22 09:04:33] EDIT comparedb/views/default/second.html: 0
[2017-05-22 09:05:13] EDIT comparedb/views/default/second.html: 0
[2017-05-22 09:06:37] EDIT comparedb/views/default/second.html: 0
[2017-05-22 09:10:17] EDIT comparedb/views/default/second.html: 14
[2017-05-22 09:10:17] EDIT comparedb/views/default/second.html: 0
[2017-05-22 09:10:17] EDIT comparedb/views/default/second.html: 0
[2017-05-22 09:10:17] EDIT comparedb/views/default/second.html: 0
[2017-05-22 09:17:10] EDIT comparedb/views/default/second.html: 14
[2017-05-22 09:17:10] EDIT comparedb/views/default/second.html: 0
[2017-05-22 09:17:10] EDIT comparedb/views/default/second.html: 0
[2017-05-22 09:19:15] EDIT comparedb/views/default/second.html: 0
[2017-05-22 09:19:20] EDIT comparedb/views/default/second.html: 0
[2017-05-22 09:25:11] EDIT comparedb/views/default/second.html: 2
[2017-05-22 09:26:05] EDIT comparedb/views/default/second.html: 0
[2017-05-22 09:26:49] EDIT comparedb/views/default/second.html: -1
[2017-05-22 09:26:49] EDIT comparedb/views/default/second.html: 0
[2017-05-22 09:43:37] EDIT comparedb/views/default/second.html: -1
[2017-05-22 09:54:28] EDIT comparedb/modules/DbDifference.py: -2
[2017-05-22 09:55:26] EDIT comparedb/controllers/default.py: -3
[2017-05-22 09:55:26] EDIT comparedb/controllers/default.py: 0
[2017-05-22 09:55:27] EDIT comparedb/controllers/default.py: 0
[2017-05-22 09:55:35] EDIT comparedb/views/default/second.html: 0
[2017-05-22 09:55:35] EDIT comparedb/views/default/second.html: 0
[2017-05-22 09:55:35] EDIT comparedb/views/default/second.html: 0
[2017-05-22 09:55:35] EDIT comparedb/views/default/second.html: 0
[2017-05-22 09:58:43] EDIT comparedb/views/default/second.html: 0
[2017-05-22 09:58:43] EDIT comparedb/views/default/second.html: 0
[2017-05-22 09:58:43] EDIT comparedb/views/default/second.html: 0
[2017-05-22 10:13:27] EDIT comparedb/modules/DbDifference.py: -6
[2017-05-22 10:13:27] EDIT comparedb/modules/DbDifference.py: 0
[2017-05-22 10:13:27] EDIT comparedb/modules/DbDifference.py: 0
[2017-05-22 10:13:27] EDIT comparedb/modules/DbDifference.py: 0
[2017-05-22 10:15:50] EDIT comparedb/views/default/second.html: 0
[2017-05-22 10:15:51] EDIT comparedb/views/default/second.html: 0
[2017-05-22 10:15:51] EDIT comparedb/views/default/second.html: 0
[2017-05-22 10:18:20] EDIT comparedb/views/default/second.html: 0
[2017-05-22 10:18:20] EDIT comparedb/views/default/second.html: 0
[2017-05-22 10:18:20] EDIT comparedb/views/default/second.html: 0
[2017-05-22 10:18:20] EDIT comparedb/views/default/second.html: 0
